<?xml version="1.0" encoding="UTF-8"?>
<!-- Generated by org.testng.reporters.JUnitReportReporter -->
<testsuite hostname="Rahuls-MacBook-Air.local" failures="0" tests="1" name="tests.LoginTest" time="57.989" errors="0" timestamp="2025-10-05T18:15:49 IST" skipped="0">
  <testcase classname="tests.LoginTest" name="testValidLogin" time="57.989"/>
</testsuite> <!-- tests.LoginTest -->
