<?xml version="1.0" encoding="UTF-8"?>
<!-- Generated by org.testng.reporters.JUnitReportReporter -->
<testsuite hostname="Rahuls-MacBook-Air.local" failures="0" tests="1" name="tests.LoginTest" time="6.650" errors="0" timestamp="2025-09-06T01:32:08 IST" skipped="0">
  <testcase classname="tests.LoginTest" name="testValidLogin" time="6.650"/>
</testsuite> <!-- tests.LoginTest -->
